<?xml version="1.0" encoding="UTF-8"?>
<testsuites name="jest tests" tests="6" failures="0" errors="0" time="1.09">
  <testsuite name="Sistema Básico" errors="0" failures="0" skipped="0" timestamp="2025-07-11T20:46:07" time="1.042" tests="6">
    <testcase classname="Sistema Básico debe tener variables de entorno configuradas" name="Sistema Básico debe tener variables de entorno configuradas" time="0.002">
    </testcase>
    <testcase classname="Sistema Básico debe poder importar módulos básicos" name="Sistema Básico debe poder importar módulos básicos" time="0.001">
    </testcase>
    <testcase classname="Sistema Básico debe poder crear tokens JWT" name="Sistema Básico debe poder crear tokens JWT" time="0.035">
    </testcase>
    <testcase classname="Sistema Básico debe poder usar bcrypt para hashing" name="Sistema Básico debe poder usar bcrypt para hashing" time="0.001">
    </testcase>
    <testcase classname="Sistema Básico debe validar esquemas Joi" name="Sistema Básico debe validar esquemas Joi" time="0.047">
    </testcase>
    <testcase classname="Sistema Básico debe poder generar UUIDs" name="Sistema Básico debe poder generar UUIDs" time="0.001">
    </testcase>
  </testsuite>
</testsuites>